# JRE version: Java(TM) SE Runtime Environment (8.0_31-b13) (build 1.8.0_31-b13)
# Java VM: Java HotSpot(TM) 64-Bit Server VM (25.31-b07 mixed mode windows-amd64 compressed oops)
Heap:
 PSYoungGen      total 264192K, used 78964K [0x000000076bd80000, 0x000000077d100000, 0x00000007c0000000)
  eden space 249856K, 31% used [0x000000076bd80000,0x0000000770a9d110,0x000000077b180000)
  from space 14336K, 0% used [0x000000077c000000,0x000000077c000000,0x000000077ce00000)
  to   space 14848K, 0% used [0x000000077b180000,0x000000077b180000,0x000000077c000000)
 ParOldGen       total 97280K, used 15523K [0x00000006c3800000, 0x00000006c9700000, 0x000000076bd80000)
  object space 97280K, 15% used [0x00000006c3800000,0x00000006c4728ee0,0x00000006c9700000)
 Metaspace       used 38168K, capacity 40650K, committed 40792K, reserved 1085440K
  class space    used 4967K, capacity 5422K, committed 5504K, reserved 1048576K
GC Heap History (10 events):
Event: 2.456 GC heap before
{Heap before GC invocations=4 (full 0):
 PSYoungGen      total 75776K, used 39690K [0x000000076bd80000, 0x0000000775180000, 0x00000007c0000000)
  eden space 65024K, 44% used [0x000000076bd80000,0x000000076d9c6b70,0x000000076fd00000)
  from space 10752K, 99% used [0x000000076fd00000,0x000000077077c070,0x0000000770780000)
  to   space 10752K, 0% used [0x0000000774700000,0x0000000774700000,0x0000000775180000)
 ParOldGen       total 173568K, used 1542K [0x00000006c3800000, 0x00000006ce180000, 0x000000076bd80000)
  object space 173568K, 0% used [0x00000006c3800000,0x00000006c3981bd8,0x00000006ce180000)
 Metaspace       used 20053K, capacity 21108K, committed 21248K, reserved 1067008K
  class space    used 2488K, capacity 2799K, committed 2816K, reserved 1048576K
Event: 2.464 GC heap after
Heap after GC invocations=4 (full 0):
 PSYoungGen      total 140800K, used 10728K [0x000000076bd80000, 0x0000000775180000, 0x00000007c0000000)
  eden space 130048K, 0% used [0x000000076bd80000,0x000000076bd80000,0x0000000773c80000)
  from space 10752K, 99% used [0x0000000774700000,0x000000077517a2c0,0x0000000775180000)
  to   space 10752K, 0% used [0x0000000773c80000,0x0000000773c80000,0x0000000774700000)
 ParOldGen       total 173568K, used 4069K [0x00000006c3800000, 0x00000006ce180000, 0x000000076bd80000)
  object space 173568K, 2% used [0x00000006c3800000,0x00000006c3bf9560,0x00000006ce180000)
 Metaspace       used 20053K, capacity 21108K, committed 21248K, reserved 1067008K
  class space    used 2488K, capacity 2799K, committed 2816K, reserved 1048576K
}
Event: 2.464 GC heap before
{Heap before GC invocations=5 (full 1):
 PSYoungGen      total 140800K, used 10728K [0x000000076bd80000, 0x0000000775180000, 0x00000007c0000000)
  eden space 130048K, 0% used [0x000000076bd80000,0x000000076bd80000,0x0000000773c80000)
  from space 10752K, 99% used [0x0000000774700000,0x000000077517a2c0,0x0000000775180000)
  to   space 10752K, 0% used [0x0000000773c80000,0x0000000773c80000,0x0000000774700000)
 ParOldGen       total 173568K, used 4069K [0x00000006c3800000, 0x00000006ce180000, 0x000000076bd80000)
  object space 173568K, 2% used [0x00000006c3800000,0x00000006c3bf9560,0x00000006ce180000)
 Metaspace       used 20053K, capacity 21108K, committed 21248K, reserved 1067008K
  class space    used 2488K, capacity 2799K, committed 2816K, reserved 1048576K
Event: 2.502 GC heap after
Heap after GC invocations=5 (full 1):
 PSYoungGen      total 140800K, used 0K [0x000000076bd80000, 0x0000000775180000, 0x00000007c0000000)
  eden space 130048K, 0% used [0x000000076bd80000,0x000000076bd80000,0x0000000773c80000)
  from space 10752K, 0% used [0x0000000774700000,0x0000000774700000,0x0000000775180000)
  to   space 10752K, 0% used [0x0000000773c80000,0x0000000773c80000,0x0000000774700000)
 ParOldGen       total 85504K, used 13103K [0x00000006c3800000, 0x00000006c8b80000, 0x000000076bd80000)
  object space 85504K, 15% used [0x00000006c3800000,0x00000006c44cbcb8,0x00000006c8b80000)
 Metaspace       used 20052K, capacity 21106K, committed 21248K, reserved 1067008K
  class space    used 2488K, capacity 2798K, committed 2816K, reserved 1048576K
}
Event: 3.794 GC heap before
{Heap before GC invocations=6 (full 1):
 PSYoungGen      total 140800K, used 130048K [0x000000076bd80000, 0x0000000775180000, 0x00000007c0000000)
  eden space 130048K, 100% used [0x000000076bd80000,0x0000000773c80000,0x0000000773c80000)
  from space 10752K, 0% used [0x0000000774700000,0x0000000774700000,0x0000000775180000)
  to   space 10752K, 0% used [0x0000000773c80000,0x0000000773c80000,0x0000000774700000)
 ParOldGen       total 85504K, used 13103K [0x00000006c3800000, 0x00000006c8b80000, 0x000000076bd80000)
  object space 85504K, 15% used [0x00000006c3800000,0x00000006c44cbcb8,0x00000006c8b80000)
 Metaspace       used 33205K, capacity 35330K, committed 35416K, reserved 1079296K
  class space    used 4257K, capacity 4670K, committed 4736K, reserved 1048576K
Event: 3.807 GC heap after
Heap after GC invocations=6 (full 1):
 PSYoungGen      total 140800K, used 9266K [0x000000076bd80000, 0x000000077ce00000, 0x00000007c0000000)
  eden space 130048K, 0% used [0x000000076bd80000,0x000000076bd80000,0x0000000773c80000)
  from space 10752K, 86% used [0x0000000773c80000,0x000000077458cbf8,0x0000000774700000)
  to   space 14336K, 0% used [0x000000077c000000,0x000000077c000000,0x000000077ce00000)
 ParOldGen       total 85504K, used 13111K [0x00000006c3800000, 0x00000006c8b80000, 0x000000076bd80000)
  object space 85504K, 15% used [0x00000006c3800000,0x00000006c44cdcb8,0x00000006c8b80000)
 Metaspace       used 33205K, capacity 35330K, committed 35416K, reserved 1079296K
  class space    used 4257K, capacity 4670K, committed 4736K, reserved 1048576K
}
Event: 3.814 GC heap before
{Heap before GC invocations=7 (full 1):
 PSYoungGen      total 140800K, used 12519K [0x000000076bd80000, 0x000000077ce00000, 0x00000007c0000000)
  eden space 130048K, 2% used [0x000000076bd80000,0x000000076c0ad3b0,0x0000000773c80000)
  from space 10752K, 86% used [0x0000000773c80000,0x000000077458cbf8,0x0000000774700000)
  to   space 14336K, 0% used [0x000000077c000000,0x000000077c000000,0x000000077ce00000)
 ParOldGen       total 85504K, used 13111K [0x00000006c3800000, 0x00000006c8b80000, 0x000000076bd80000)
  object space 85504K, 15% used [0x00000006c3800000,0x00000006c44cdcb8,0x00000006c8b80000)
 Metaspace       used 33270K, capacity 35330K, committed 35416K, reserved 1079296K
  class space    used 4266K, capacity 4670K, committed 4736K, reserved 1048576K
Event: 3.819 GC heap after
Heap after GC invocations=7 (full 1):
 PSYoungGen      total 264192K, used 4522K [0x000000076bd80000, 0x000000077d100000, 0x00000007c0000000)
  eden space 249856K, 0% used [0x000000076bd80000,0x000000076bd80000,0x000000077b180000)
  from space 14336K, 31% used [0x000000077c000000,0x000000077c46abc0,0x000000077ce00000)
  to   space 14848K, 0% used [0x000000077b180000,0x000000077b180000,0x000000077c000000)
 ParOldGen       total 85504K, used 13119K [0x00000006c3800000, 0x00000006c8b80000, 0x000000076bd80000)
  object space 85504K, 15% used [0x00000006c3800000,0x00000006c44cfcb8,0x00000006c8b80000)
 Metaspace       used 33270K, capacity 35330K, committed 35416K, reserved 1079296K
  class space    used 4266K, capacity 4670K, committed 4736K, reserved 1048576K
}
Event: 3.819 GC heap before
{Heap before GC invocations=8 (full 2):
 PSYoungGen      total 264192K, used 4522K [0x000000076bd80000, 0x000000077d100000, 0x00000007c0000000)
  eden space 249856K, 0% used [0x000000076bd80000,0x000000076bd80000,0x000000077b180000)
  from space 14336K, 31% used [0x000000077c000000,0x000000077c46abc0,0x000000077ce00000)
  to   space 14848K, 0% used [0x000000077b180000,0x000000077b180000,0x000000077c000000)
 ParOldGen       total 85504K, used 13119K [0x00000006c3800000, 0x00000006c8b80000, 0x000000076bd80000)
  object space 85504K, 15% used [0x00000006c3800000,0x00000006c44cfcb8,0x00000006c8b80000)
 Metaspace       used 33270K, capacity 35330K, committed 35416K, reserved 1079296K
  class space    used 4266K, capacity 4670K, committed 4736K, reserved 1048576K
Event: 3.897 GC heap after
Heap after GC invocations=8 (full 2):
 PSYoungGen      total 264192K, used 0K [0x000000076bd80000, 0x000000077d100000, 0x00000007c0000000)
  eden space 249856K, 0% used [0x000000076bd80000,0x000000076bd80000,0x000000077b180000)
  from space 14336K, 0% used [0x000000077c000000,0x000000077c000000,0x000000077ce00000)
  to   space 14848K, 0% used [0x000000077b180000,0x000000077b180000,0x000000077c000000)
 ParOldGen       total 97280K, used 15523K [0x00000006c3800000, 0x00000006c9700000, 0x000000076bd80000)
  object space 97280K, 15% used [0x00000006c3800000,0x00000006c4728ee0,0x00000006c9700000)
 Metaspace       used 33266K, capacity 35322K, committed 35416K, reserved 1079296K
  class space    used 4265K, capacity 4668K, committed 4736K, reserved 1048576K
}

