# JRE version: Java(TM) SE Runtime Environment (8.0_31-b13) (build 1.8.0_31-b13)
# Java VM: Java HotSpot(TM) 64-Bit Server VM (25.31-b07 mixed mode windows-amd64 compressed oops)
Heap:
 PSYoungGen      total 136704K, used 24719K [0x000000076bd80000, 0x0000000778980000, 0x00000007c0000000)
  eden space 125952K, 12% used [0x000000076bd80000,0x000000076cc98cc8,0x0000000773880000)
  from space 10752K, 86% used [0x0000000773880000,0x000000077418aff8,0x0000000774300000)
  to   space 11264K, 0% used [0x0000000777e80000,0x0000000777e80000,0x0000000778980000)
 ParOldGen       total 87040K, used 5415K [0x00000006c3800000, 0x00000006c8d00000, 0x000000076bd80000)
  object space 87040K, 6% used [0x00000006c3800000,0x00000006c3d49d68,0x00000006c8d00000)
 Metaspace       used 29346K, capacity 31982K, committed 32048K, reserved 1077248K
  class space    used 3926K, capacity 4363K, committed 4400K, reserved 1048576K
GC Heap History (10 events):
Event: 1.322 GC heap before
{Heap before GC invocations=2 (full 0):
 PSYoungGen      total 75776K, used 72871K [0x000000076bd80000, 0x0000000771200000, 0x00000007c0000000)
  eden space 65024K, 100% used [0x000000076bd80000,0x000000076fd00000,0x000000076fd00000)
  from space 10752K, 72% used [0x000000076fd00000,0x00000007704a9c50,0x0000000770780000)
  to   space 10752K, 0% used [0x0000000770780000,0x0000000770780000,0x0000000771200000)
 ParOldGen       total 173568K, used 24K [0x00000006c3800000, 0x00000006ce180000, 0x000000076bd80000)
  object space 173568K, 0% used [0x00000006c3800000,0x00000006c3806000,0x00000006ce180000)
 Metaspace       used 19197K, capacity 20798K, committed 20992K, reserved 1067008K
  class space    used 2532K, capacity 2811K, committed 2816K, reserved 1048576K
Event: 1.331 GC heap after
Heap after GC invocations=2 (full 0):
 PSYoungGen      total 75776K, used 9827K [0x000000076bd80000, 0x0000000775180000, 0x00000007c0000000)
  eden space 65024K, 0% used [0x000000076bd80000,0x000000076bd80000,0x000000076fd00000)
  from space 10752K, 91% used [0x0000000770780000,0x0000000771118cb8,0x0000000771200000)
  to   space 10752K, 0% used [0x000000076fd00000,0x000000076fd00000,0x0000000770780000)
 ParOldGen       total 173568K, used 32K [0x00000006c3800000, 0x00000006ce180000, 0x000000076bd80000)
  object space 173568K, 0% used [0x00000006c3800000,0x00000006c3808000,0x00000006ce180000)
 Metaspace       used 19197K, capacity 20798K, committed 20992K, reserved 1067008K
  class space    used 2532K, capacity 2811K, committed 2816K, reserved 1048576K
}
Event: 1.350 GC heap before
{Heap before GC invocations=3 (full 0):
 PSYoungGen      total 75776K, used 15265K [0x000000076bd80000, 0x0000000775180000, 0x00000007c0000000)
  eden space 65024K, 8% used [0x000000076bd80000,0x000000076c2cf990,0x000000076fd00000)
  from space 10752K, 91% used [0x0000000770780000,0x0000000771118cb8,0x0000000771200000)
  to   space 10752K, 0% used [0x000000076fd00000,0x000000076fd00000,0x0000000770780000)
 ParOldGen       total 173568K, used 32K [0x00000006c3800000, 0x00000006ce180000, 0x000000076bd80000)
  object space 173568K, 0% used [0x00000006c3800000,0x00000006c3808000,0x00000006ce180000)
 Metaspace       used 19670K, capacity 21272K, committed 21296K, reserved 1067008K
  class space    used 2585K, capacity 2858K, committed 2864K, reserved 1048576K
Event: 1.353 GC heap after
Heap after GC invocations=3 (full 0):
 PSYoungGen      total 75776K, used 5665K [0x000000076bd80000, 0x0000000775180000, 0x00000007c0000000)
  eden space 65024K, 0% used [0x000000076bd80000,0x000000076bd80000,0x000000076fd00000)
  from space 10752K, 52% used [0x000000076fd00000,0x0000000770288758,0x0000000770780000)
  to   space 10752K, 0% used [0x0000000774700000,0x0000000774700000,0x0000000775180000)
 ParOldGen       total 173568K, used 40K [0x00000006c3800000, 0x00000006ce180000, 0x000000076bd80000)
  object space 173568K, 0% used [0x00000006c3800000,0x00000006c380a000,0x00000006ce180000)
 Metaspace       used 19670K, capacity 21272K, committed 21296K, reserved 1067008K
  class space    used 2585K, capacity 2858K, committed 2864K, reserved 1048576K
}
Event: 1.353 GC heap before
{Heap before GC invocations=4 (full 1):
 PSYoungGen      total 75776K, used 5665K [0x000000076bd80000, 0x0000000775180000, 0x00000007c0000000)
  eden space 65024K, 0% used [0x000000076bd80000,0x000000076bd80000,0x000000076fd00000)
  from space 10752K, 52% used [0x000000076fd00000,0x0000000770288758,0x0000000770780000)
  to   space 10752K, 0% used [0x0000000774700000,0x0000000774700000,0x0000000775180000)
 ParOldGen       total 173568K, used 40K [0x00000006c3800000, 0x00000006ce180000, 0x000000076bd80000)
  object space 173568K, 0% used [0x00000006c3800000,0x00000006c380a000,0x00000006ce180000)
 Metaspace       used 19670K, capacity 21272K, committed 21296K, reserved 1067008K
  class space    used 2585K, capacity 2858K, committed 2864K, reserved 1048576K
Event: 1.378 GC heap after
Heap after GC invocations=4 (full 1):
 PSYoungGen      total 75776K, used 0K [0x000000076bd80000, 0x0000000775180000, 0x00000007c0000000)
  eden space 65024K, 0% used [0x000000076bd80000,0x000000076bd80000,0x000000076fd00000)
  from space 10752K, 0% used [0x000000076fd00000,0x000000076fd00000,0x0000000770780000)
  to   space 10752K, 0% used [0x0000000774700000,0x0000000774700000,0x0000000775180000)
 ParOldGen       total 87040K, used 5399K [0x00000006c3800000, 0x00000006c8d00000, 0x000000076bd80000)
  object space 87040K, 6% used [0x00000006c3800000,0x00000006c3d45d68,0x00000006c8d00000)
 Metaspace       used 19667K, capacity 21268K, committed 21296K, reserved 1067008K
  class space    used 2584K, capacity 2856K, committed 2864K, reserved 1048576K
}
Event: 1.632 GC heap before
{Heap before GC invocations=5 (full 1):
 PSYoungGen      total 75776K, used 65024K [0x000000076bd80000, 0x0000000775180000, 0x00000007c0000000)
  eden space 65024K, 100% used [0x000000076bd80000,0x000000076fd00000,0x000000076fd00000)
  from space 10752K, 0% used [0x000000076fd00000,0x000000076fd00000,0x0000000770780000)
  to   space 10752K, 0% used [0x0000000774700000,0x0000000774700000,0x0000000775180000)
 ParOldGen       total 87040K, used 5399K [0x00000006c3800000, 0x00000006c8d00000, 0x000000076bd80000)
  object space 87040K, 6% used [0x00000006c3800000,0x00000006c3d45d68,0x00000006c8d00000)
 Metaspace       used 23862K, capacity 25672K, committed 25776K, reserved 1071104K
  class space    used 3176K, capacity 3502K, committed 3504K, reserved 1048576K
Event: 1.636 GC heap after
Heap after GC invocations=5 (full 1):
 PSYoungGen      total 118272K, used 6508K [0x000000076bd80000, 0x0000000774d80000, 0x00000007c0000000)
  eden space 111616K, 0% used [0x000000076bd80000,0x000000076bd80000,0x0000000772a80000)
  from space 6656K, 97% used [0x0000000774700000,0x0000000774d5b338,0x0000000774d80000)
  to   space 10752K, 0% used [0x0000000773880000,0x0000000773880000,0x0000000774300000)
 ParOldGen       total 87040K, used 5407K [0x00000006c3800000, 0x00000006c8d00000, 0x000000076bd80000)
  object space 87040K, 6% used [0x00000006c3800000,0x00000006c3d47d68,0x00000006c8d00000)
 Metaspace       used 23862K, capacity 25672K, committed 25776K, reserved 1071104K
  class space    used 3176K, capacity 3502K, committed 3504K, reserved 1048576K
}
Event: 2.354 GC heap before
{Heap before GC invocations=6 (full 1):
 PSYoungGen      total 118272K, used 118124K [0x000000076bd80000, 0x0000000774d80000, 0x00000007c0000000)
  eden space 111616K, 100% used [0x000000076bd80000,0x0000000772a80000,0x0000000772a80000)
  from space 6656K, 97% used [0x0000000774700000,0x0000000774d5b338,0x0000000774d80000)
  to   space 10752K, 0% used [0x0000000773880000,0x0000000773880000,0x0000000774300000)
 ParOldGen       total 87040K, used 5407K [0x00000006c3800000, 0x00000006c8d00000, 0x000000076bd80000)
  object space 87040K, 6% used [0x00000006c3800000,0x00000006c3d47d68,0x00000006c8d00000)
 Metaspace       used 29066K, capacity 31668K, committed 31792K, reserved 1077248K
  class space    used 3886K, capacity 4288K, committed 4400K, reserved 1048576K
Event: 2.362 GC heap after
Heap after GC invocations=6 (full 1):
 PSYoungGen      total 136704K, used 9259K [0x000000076bd80000, 0x0000000778980000, 0x00000007c0000000)
  eden space 125952K, 0% used [0x000000076bd80000,0x000000076bd80000,0x0000000773880000)
  from space 10752K, 86% used [0x0000000773880000,0x000000077418aff8,0x0000000774300000)
  to   space 11264K, 0% used [0x0000000777e80000,0x0000000777e80000,0x0000000778980000)
 ParOldGen       total 87040K, used 5415K [0x00000006c3800000, 0x00000006c8d00000, 0x000000076bd80000)
  object space 87040K, 6% used [0x00000006c3800000,0x00000006c3d49d68,0x00000006c8d00000)
 Metaspace       used 29066K, capacity 31668K, committed 31792K, reserved 1077248K
  class space    used 3886K, capacity 4288K, committed 4400K, reserved 1048576K
}

